#
# A fatal error has been detected by the Java Runtime Environment:
#
#  EXCEPTION_ACCESS_VIOLATION (0xc0000005) at pc=0x00000000029f56f8, pid=4488, tid=8500
#
# JRE version: Java(TM) SE Runtime Environment (8.0_74-b02) (build 1.8.0_74-b02)
# Java VM: Java HotSpot(TM) 64-Bit Server VM (25.74-b02 mixed mode windows-amd64 compressed oops)
# Problematic frame:
# J 45 C2 java.lang.String.indexOf(II)I (70 bytes) @ 0x00000000029f56f8 [0x00000000029f5620+0xd8]
#
# Failed to write core dump. Minidumps are not enabled by default on client versions of Windows
#
# If you would like to submit a bug report, please visit:
#   http://bugreport.java.com/bugreport/crash.jsp
#

---------------  T H R E A D  ---------------

Current thread (0x00000000183b8800):  JavaThread "Daemon worker" [_thread_in_Java, id=8500, stack(0x0000000017a90000,0x0000000017b90000)]

siginfo: ExceptionCode=0xc0000005, reading address 0xffffffffffffffff

Registers:
RAX=0x00000000ffffffff, RBX=0x000000000000002e, RCX=0x000000000000006a, RDX=0x000000000000007b
RSP=0x0000000017b89c00, RBP=0x000000000000007e, RSI=0x00000000eafa4138, RDI=0x0000000000000043
R8 =0x0000000000000000, R9 =0x000000000000007d, R10=0x0000000000000061, R11=0x00000000eafa4028
R12=0x0000000000000000, R13=0x0000000017b89cf8, R14=0x0000000000000000, R15=0x00000000183b8800
RIP=0x00000000029f56f8, EFLAGS=0x0000000000010202

Top of Stack: (sp=0x0000000017b89c00)
0x0000000017b89c00:   0000000014b09e30 00000000c01bdbc8
0x0000000017b89c10:   00006fd114a00458 33cc3800149ffb88
0x0000000017b89c20:   2900000031000000 00000000c0002cb0
0x0000000017b89c30:   0000000017b89d40 0000000002a28734
0x0000000017b89c40:   00000000eafa4138 00000000c01bdbc8
0x0000000017b89c50:   0000000000000007 0000000000000000
0x0000000017b89c60:   0000000000000031 0000000000000034
0x0000000017b89c70:   0000000017b89d40 0000000002b0fd3c
0x0000000017b89c80:   00000000eafa3ee0 0000000014a01d70
0x0000000017b89c90:   0000000017b89d40 00000000031e7b9c
0x0000000017b89ca0:   0000000014997188 00000000eafa3ee0
0x0000000017b89cb0:   00000000c01bdbc8 15700500c013b9c8
0x0000000017b89cc0:   00000000eafa3ee0 00000000eaf995e0
0x0000000017b89cd0:   0000000017b89d40 00000000028e7cc1
0x0000000017b89ce0:   0000000017b89d40 00000000028e7a50
0x0000000017b89cf0:   00000000028e7a50 00000000eafa3ee0 

Instructions: (pc=0x00000000029f56f8)
0x00000000029f56d8:   40 43 0f b7 4c 53 14 41 3b c8 74 3a 47 0f b7 54
0x00000000029f56e8:   53 16 45 3b d0 74 26 41 83 c1 04 44 3b ca 7c c8
0x00000000029f56f8:   44 3b cd 7d 28 66 66 90 47 0f b7 54 4b 10 45 3b
0x00000000029f5708:   d0 74 17 41 ff c1 44 3b cd 7c ed eb 10 41 83 c1 


Register to memory mapping:

RAX=0x00000000ffffffff is an unallocated location in the heap
RBX=0x000000000000002e is an unknown value
RCX=0x000000000000006a is an unknown value
RDX=0x000000000000007b is an unknown value
RSP=0x0000000017b89c00 is pointing into the stack for thread: 0x00000000183b8800
RBP=0x000000000000007e is an unknown value
RSI=0x00000000eafa4138 is an oop
java.lang.String 
 - klass: 'java/lang/String'
RDI=0x0000000000000043 is an unknown value
R8 =0x0000000000000000 is an unknown value
R9 =0x000000000000007d is an unknown value
R10=0x0000000000000061 is an unknown value
R11=0x00000000eafa4028 is an oop
[C 
 - klass: {type array char}
 - length: 126
R12=0x0000000000000000 is an unknown value
R13=0x0000000017b89cf8 is pointing into the stack for thread: 0x00000000183b8800
R14=0x0000000000000000 is an unknown value
R15=0x00000000183b8800 is a thread


Stack: [0x0000000017a90000,0x0000000017b90000],  sp=0x0000000017b89c00,  free space=999k
Native frames: (J=compiled Java code, j=interpreted, Vv=VM code, C=native code)
C  0x00000000029f56f8


---------------  P R O C E S S  ---------------

Java Threads: ( => current thread )
  0x00000000185e4800 JavaThread "File lock request listener" [_thread_in_native, id=8368, stack(0x0000000019460000,0x0000000019560000)]
  0x000000001826c000 JavaThread "Stdin handler" [_thread_blocked, id=9000, stack(0x0000000019970000,0x0000000019a70000)]
  0x0000000016724800 JavaThread "Asynchronous log dispatcher for org.gradle.launcher.daemon.server.DefaultDaemonConnection@1e5355fd" [_thread_blocked, id=6772, stack(0x00000000197d0000,0x00000000198d0000)]
=>0x00000000183b8800 JavaThread "Daemon worker" [_thread_in_Java, id=8500, stack(0x0000000017a90000,0x0000000017b90000)]
  0x00000000183b3800 JavaThread "Cancel handler" [_thread_blocked, id=6644, stack(0x00000000195e0000,0x00000000196e0000)]
  0x00000000183ba000 JavaThread "Handler for socket connection from /127.0.0.1:51310 to /127.0.0.1:51311" [_thread_in_native, id=7532, stack(0x0000000019340000,0x0000000019440000)]
  0x00000000183b9800 JavaThread "Daemon" [_thread_blocked, id=8132, stack(0x0000000019130000,0x0000000019230000)]
  0x00000000181f4000 JavaThread "Incoming local TCP Connector on port 51310" [_thread_in_native, id=9012, stack(0x0000000016d00000,0x0000000016e00000)]
  0x0000000018190000 JavaThread "pool-1-thread-1" [_thread_blocked, id=6492, stack(0x0000000017d00000,0x0000000017e00000)]
  0x00000000165ed000 JavaThread "Service Thread" daemon [_thread_blocked, id=7708, stack(0x0000000017180000,0x0000000017280000)]
  0x000000001655f000 JavaThread "C1 CompilerThread2" daemon [_thread_blocked, id=6860, stack(0x0000000016ff0000,0x00000000170f0000)]
  0x000000001655e000 JavaThread "C2 CompilerThread1" daemon [_thread_blocked, id=8016, stack(0x0000000016e40000,0x0000000016f40000)]
  0x0000000016556800 JavaThread "C2 CompilerThread0" daemon [_thread_blocked, id=7076, stack(0x0000000016bc0000,0x0000000016cc0000)]
  0x000000001654b800 JavaThread "Attach Listener" daemon [_thread_blocked, id=8580, stack(0x0000000016ab0000,0x0000000016bb0000)]
  0x0000000016549800 JavaThread "Signal Dispatcher" daemon [_thread_blocked, id=7976, stack(0x0000000016950000,0x0000000016a50000)]
  0x000000001510d800 JavaThread "Finalizer" daemon [_thread_blocked, id=7148, stack(0x0000000016440000,0x0000000016540000)]
  0x00000000150c7000 JavaThread "Reference Handler" daemon [_thread_blocked, id=8096, stack(0x0000000016240000,0x0000000016340000)]
  0x0000000001cef000 JavaThread "main" [_thread_blocked, id=7348, stack(0x00000000027e0000,0x00000000028e0000)]

Other Threads:
  0x00000000150bb800 VMThread [stack: 0x0000000016010000,0x0000000016110000] [id=812]
  0x0000000016615000 WatcherThread [stack: 0x0000000016340000,0x0000000016440000] [id=9032]

VM state:not at safepoint (normal execution)

VM Mutex/Monitor currently owned by a thread: None

Heap:
 PSYoungGen      total 103936K, used 12769K [0x00000000eab00000, 0x00000000f2500000, 0x0000000100000000)
  eden space 96256K, 5% used [0x00000000eab00000,0x00000000eb000568,0x00000000f0900000)
  from space 7680K, 99% used [0x00000000f0900000,0x00000000f1078270,0x00000000f1080000)
  to   space 12288K, 0% used [0x00000000f1900000,0x00000000f1900000,0x00000000f2500000)
 ParOldGen       total 86528K, used 11800K [0x00000000c0000000, 0x00000000c5480000, 0x00000000eab00000)
  object space 86528K, 13% used [0x00000000c0000000,0x00000000c0b86108,0x00000000c5480000)
 Metaspace       used 31724K, capacity 32440K, committed 32512K, reserved 1077248K
  class space    used 4387K, capacity 4590K, committed 4608K, reserved 1048576K

Card table byte_map: [0x0000000011ca0000,0x0000000011eb0000] byte_map_base: 0x00000000116a0000

Marking Bits: (ParMarkBitMap*) 0x00000000535f0600
 Begin Bits: [0x0000000012530000, 0x0000000013530000)
 End Bits:   [0x0000000013530000, 0x0000000014530000)

Polling page: 0x0000000000440000

CodeCache: size=245760Kb used=9544Kb max_used=9544Kb free=236215Kb
 bounds [0x00000000028e0000, 0x0000000003240000, 0x00000000118e0000]
 total_blobs=3249 nmethods=2588 adapters=573
 compilation: enabled

Compilation events (10 events):
Event: 10.794 Thread 0x000000001655f000 2626       3       org.apache.xerces.impl.XMLEntityScanner::scanQName (510 bytes)
Event: 10.795 Thread 0x000000001655f000 nmethod 2626 0x0000000003235a50 code [0x0000000003235d20, 0x00000000032370f8]
Event: 10.795 Thread 0x000000001655f000 2627       3       org.apache.xerces.util.XMLAttributesImpl::getQName (38 bytes)
Event: 10.795 Thread 0x000000001655f000 nmethod 2627 0x0000000003235550 code [0x00000000032356c0, 0x0000000003235930]
Event: 10.795 Thread 0x000000001655f000 2628       3       org.apache.xerces.parsers.AbstractSAXParser$AttributesProxy::getQName (11 bytes)
Event: 10.795 Thread 0x000000001655f000 nmethod 2628 0x0000000003237e50 code [0x0000000003237fc0, 0x0000000003238188]
Event: 10.795 Thread 0x000000001655f000 2625       3       org.apache.xerces.impl.XMLEntityManager$RewindableInputStream::read (128 bytes)
Event: 10.796 Thread 0x000000001655f000 nmethod 2625 0x0000000003238290 code [0x0000000003238440, 0x0000000003238a48]
Event: 10.796 Thread 0x000000001655f000 2629       1       java.security.Provider$Service::getProvider (5 bytes)
Event: 10.796 Thread 0x000000001655f000 nmethod 2629 0x0000000003235290 code [0x00000000032353e0, 0x00000000032354f0]

GC Heap History (10 events):
Event: 6.248 GC heap before
{Heap before GC invocations=2 (full 0):
 PSYoungGen      total 56320K, used 54973K [0x00000000eab00000, 0x00000000ee980000, 0x0000000100000000)
  eden space 48640K, 100% used [0x00000000eab00000,0x00000000eda80000,0x00000000eda80000)
  from space 7680K, 82% used [0x00000000eda80000,0x00000000ee0af710,0x00000000ee200000)
  to   space 7680K, 0% used [0x00000000ee200000,0x00000000ee200000,0x00000000ee980000)
 ParOldGen       total 128512K, used 8K [0x00000000c0000000, 0x00000000c7d80000, 0x00000000eab00000)
  object space 128512K, 0% used [0x00000000c0000000,0x00000000c0002000,0x00000000c7d80000)
 Metaspace       used 17742K, capacity 18138K, committed 18176K, reserved 1064960K
  class space    used 2415K, capacity 2553K, committed 2560K, reserved 1048576K
Event: 6.264 GC heap after
Heap after GC invocations=2 (full 0):
 PSYoungGen      total 56320K, used 7657K [0x00000000eab00000, 0x00000000ee980000, 0x0000000100000000)
  eden space 48640K, 0% used [0x00000000eab00000,0x00000000eab00000,0x00000000eda80000)
  from space 7680K, 99% used [0x00000000ee200000,0x00000000ee97a660,0x00000000ee980000)
  to   space 7680K, 0% used [0x00000000eda80000,0x00000000eda80000,0x00000000ee200000)
 ParOldGen       total 128512K, used 2825K [0x00000000c0000000, 0x00000000c7d80000, 0x00000000eab00000)
  object space 128512K, 2% used [0x00000000c0000000,0x00000000c02c2430,0x00000000c7d80000)
 Metaspace       used 17742K, capacity 18138K, committed 18176K, reserved 1064960K
  class space    used 2415K, capacity 2553K, committed 2560K, reserved 1048576K
}
Event: 7.599 GC heap before
{Heap before GC invocations=3 (full 0):
 PSYoungGen      total 56320K, used 31857K [0x00000000eab00000, 0x00000000ee980000, 0x0000000100000000)
  eden space 48640K, 49% used [0x00000000eab00000,0x00000000ec2a1de0,0x00000000eda80000)
  from space 7680K, 99% used [0x00000000ee200000,0x00000000ee97a660,0x00000000ee980000)
  to   space 7680K, 0% used [0x00000000eda80000,0x00000000eda80000,0x00000000ee200000)
 ParOldGen       total 128512K, used 2825K [0x00000000c0000000, 0x00000000c7d80000, 0x00000000eab00000)
  object space 128512K, 2% used [0x00000000c0000000,0x00000000c02c2430,0x00000000c7d80000)
 Metaspace       used 20796K, capacity 21154K, committed 21296K, reserved 1067008K
  class space    used 2766K, capacity 2891K, committed 2944K, reserved 1048576K
Event: 7.643 GC heap after
Heap after GC invocations=3 (full 0):
 PSYoungGen      total 56320K, used 7652K [0x00000000eab00000, 0x00000000f1900000, 0x0000000100000000)
  eden space 48640K, 0% used [0x00000000eab00000,0x00000000eab00000,0x00000000eda80000)
  from space 7680K, 99% used [0x00000000eda80000,0x00000000ee1f9140,0x00000000ee200000)
  to   space 7680K, 0% used [0x00000000f1180000,0x00000000f1180000,0x00000000f1900000)
 ParOldGen       total 128512K, used 4099K [0x00000000c0000000, 0x00000000c7d80000, 0x00000000eab00000)
  object space 128512K, 3% used [0x00000000c0000000,0x00000000c0400d68,0x00000000c7d80000)
 Metaspace       used 20796K, capacity 21154K, committed 21296K, reserved 1067008K
  class space    used 2766K, capacity 2891K, committed 2944K, reserved 1048576K
}
Event: 7.643 GC heap before
{Heap before GC invocations=4 (full 1):
 PSYoungGen      total 56320K, used 7652K [0x00000000eab00000, 0x00000000f1900000, 0x0000000100000000)
  eden space 48640K, 0% used [0x00000000eab00000,0x00000000eab00000,0x00000000eda80000)
  from space 7680K, 99% used [0x00000000eda80000,0x00000000ee1f9140,0x00000000ee200000)
  to   space 7680K, 0% used [0x00000000f1180000,0x00000000f1180000,0x00000000f1900000)
 ParOldGen       total 128512K, used 4099K [0x00000000c0000000, 0x00000000c7d80000, 0x00000000eab00000)
  object space 128512K, 3% used [0x00000000c0000000,0x00000000c0400d68,0x00000000c7d80000)
 Metaspace       used 20796K, capacity 21154K, committed 21296K, reserved 1067008K
  class space    used 2766K, capacity 2891K, committed 2944K, reserved 1048576K
Event: 7.776 GC heap after
Heap after GC invocations=4 (full 1):
 PSYoungGen      total 56320K, used 0K [0x00000000eab00000, 0x00000000f1900000, 0x0000000100000000)
  eden space 48640K, 0% used [0x00000000eab00000,0x00000000eab00000,0x00000000eda80000)
  from space 7680K, 0% used [0x00000000eda80000,0x00000000eda80000,0x00000000ee200000)
  to   space 7680K, 0% used [0x00000000f1180000,0x00000000f1180000,0x00000000f1900000)
 ParOldGen       total 86528K, used 8755K [0x00000000c0000000, 0x00000000c5480000, 0x00000000eab00000)
  object space 86528K, 10% used [0x00000000c0000000,0x00000000c088cd18,0x00000000c5480000)
 Metaspace       used 20796K, capacity 21154K, committed 21296K, reserved 1067008K
  class space    used 2766K, capacity 2891K, committed 2944K, reserved 1048576K
}
Event: 9.067 GC heap before
{Heap before GC invocations=5 (full 1):
 PSYoungGen      total 56320K, used 48640K [0x00000000eab00000, 0x00000000f1900000, 0x0000000100000000)
  eden space 48640K, 100% used [0x00000000eab00000,0x00000000eda80000,0x00000000eda80000)
  from space 7680K, 0% used [0x00000000eda80000,0x00000000eda80000,0x00000000ee200000)
  to   space 7680K, 0% used [0x00000000f1180000,0x00000000f1180000,0x00000000f1900000)
 ParOldGen       total 86528K, used 8755K [0x00000000c0000000, 0x00000000c5480000, 0x00000000eab00000)
  object space 86528K, 10% used [0x00000000c0000000,0x00000000c088cd18,0x00000000c5480000)
 Metaspace       used 25877K, capacity 26318K, committed 26368K, reserved 1073152K
  class space    used 3431K, capacity 3582K, committed 3584K, reserved 1048576K
Event: 9.082 GC heap after
Heap after GC invocations=5 (full 1):
 PSYoungGen      total 77312K, used 6381K [0x00000000eab00000, 0x00000000f1800000, 0x0000000100000000)
  eden space 70656K, 0% used [0x00000000eab00000,0x00000000eab00000,0x00000000ef000000)
  from space 6656K, 95% used [0x00000000f1180000,0x00000000f17bb450,0x00000000f1800000)
  to   space 7680K, 0% used [0x00000000f0900000,0x00000000f0900000,0x00000000f1080000)
 ParOldGen       total 86528K, used 8755K [0x00000000c0000000, 0x00000000c5480000, 0x00000000eab00000)
  object space 86528K, 10% used [0x00000000c0000000,0x00000000c088cd18,0x00000000c5480000)
 Metaspace       used 25877K, capacity 26318K, committed 26368K, reserved 1073152K
  class space    used 3431K, capacity 3582K, committed 3584K, reserved 1048576K
}
Event: 10.685 GC heap before
{Heap before GC invocations=6 (full 1):
 PSYoungGen      total 77312K, used 77037K [0x00000000eab00000, 0x00000000f1800000, 0x0000000100000000)
  eden space 70656K, 100% used [0x00000000eab00000,0x00000000ef000000,0x00000000ef000000)
  from space 6656K, 95% used [0x00000000f1180000,0x00000000f17bb450,0x00000000f1800000)
  to   space 7680K, 0% used [0x00000000f0900000,0x00000000f0900000,0x00000000f1080000)
 ParOldGen       total 86528K, used 8755K [0x00000000c0000000, 0x00000000c5480000, 0x00000000eab00000)
  object space 86528K, 10% used [0x00000000c0000000,0x00000000c088cd18,0x00000000c5480000)
 Metaspace       used 31206K, capacity 31864K, committed 32128K, reserved 1077248K
  class space    used 4292K, capacity 4462K, committed 4480K, reserved 1048576K
Event: 10.699 GC heap after
Heap after GC invocations=6 (full 1):
 PSYoungGen      total 103936K, used 7648K [0x00000000eab00000, 0x00000000f2500000, 0x0000000100000000)
  eden space 96256K, 0% used [0x00000000eab00000,0x00000000eab00000,0x00000000f0900000)
  from space 7680K, 99% used [0x00000000f0900000,0x00000000f1078270,0x00000000f1080000)
  to   space 12288K, 0% used [0x00000000f1900000,0x00000000f1900000,0x00000000f2500000)
 ParOldGen       total 86528K, used 11800K [0x00000000c0000000, 0x00000000c5480000, 0x00000000eab00000)
  object space 86528K, 13% used [0x00000000c0000000,0x00000000c0b86108,0x00000000c5480000)
 Metaspace       used 31206K, capacity 31864K, committed 32128K, reserved 1077248K
  class space    used 4292K, capacity 4462K, committed 4480K, reserved 1048576K
}

Deoptimization events (10 events):
Event: 9.647 Thread 0x00000000183b8800 Uncommon trap: reason=class_check action=maybe_recompile pc=0x0000000002d0f970 method=java.lang.reflect.Method.equals(Ljava/lang/Object;)Z @ 5
Event: 9.647 Thread 0x00000000183b8800 Uncommon trap: reason=class_check action=maybe_recompile pc=0x0000000002d0f970 method=java.lang.reflect.Method.equals(Ljava/lang/Object;)Z @ 5
Event: 9.663 Thread 0x00000000183b8800 Uncommon trap: reason=unstable_if action=reinterpret pc=0x0000000002faa850 method=java.net.URLClassLoader.isSealed(Ljava/lang/String;Ljava/util/jar/Manifest;)Z @ 26
Event: 9.663 Thread 0x00000000183b8800 Uncommon trap: reason=unstable_if action=reinterpret pc=0x0000000002fd0960 method=java.net.URLClassLoader.isSealed(Ljava/lang/String;Ljava/util/jar/Manifest;)Z @ 26
Event: 9.672 Thread 0x00000000183b8800 Uncommon trap: reason=class_check action=maybe_recompile pc=0x000000000311b624 method=org.codehaus.groovy.runtime.metaclass.MetaMethodIndex.addMethodToList(Ljava/lang/Object;Lgroovy/lang/MetaMethod;)Ljava/lang/Object; @ 218
Event: 9.673 Thread 0x00000000183b8800 Uncommon trap: reason=class_check action=maybe_recompile pc=0x000000000311b624 method=org.codehaus.groovy.runtime.metaclass.MetaMethodIndex.addMethodToList(Ljava/lang/Object;Lgroovy/lang/MetaMethod;)Ljava/lang/Object; @ 218
Event: 9.673 Thread 0x00000000183b8800 Uncommon trap: reason=class_check action=maybe_recompile pc=0x000000000311b624 method=org.codehaus.groovy.runtime.metaclass.MetaMethodIndex.addMethodToList(Ljava/lang/Object;Lgroovy/lang/MetaMethod;)Ljava/lang/Object; @ 218
Event: 10.046 Thread 0x00000000183b8800 Uncommon trap: reason=unstable_if action=reinterpret pc=0x0000000003133a20 method=java.net.URI.match(CJJ)Z @ 45
Event: 10.101 Thread 0x00000000183b8800 Uncommon trap: reason=unstable_if action=reinterpret pc=0x00000000030b622c method=java.util.regex.Pattern.has(I)Z @ 6
Event: 10.101 Thread 0x00000000183b8800 Uncommon trap: reason=unstable_if action=reinterpret pc=0x0000000002d2cbf8 method=java.lang.AbstractStringBuilder.append(Ljava/lang/String;)Ljava/lang/AbstractStringBuilder; @ 1

Internal exceptions (10 events):
Event: 9.769 Thread 0x00000000183b8800 Exception <a 'java/lang/ClassNotFoundException': org/gradle/api/plugins/ObjectConfigurationActionCustomizer> (0x00000000ecff0a38) thrown at [C:\re\workspace\8-2-build-windows-amd64-cygwin\jdk8u74\6087\hotspot\src\share\vm\classfile\systemDictionary.cpp, liØ`-ph»#@
Event: 9.891 Thread 0x00000000183b8800 Exception <a 'java/lang/ClassNotFoundException': JetGradlePluginBeanInfo> (0x00000000ed258360) thrown at [C:\re\workspace\8-2-build-windows-amd64-cygwin\jdk8u74\6087\hotspot\src\share\vm\classfile\systemDictionary.cpp, line 210]
Event: 9.892 Thread 0x00000000183b8800 Exception <a 'java/lang/ClassNotFoundException': JetGradlePluginCustomizer> (0x00000000ed261c18) thrown at [C:\re\workspace\8-2-build-windows-amd64-cygwin\jdk8u74\6087\hotspot\src\share\vm\classfile\systemDictionary.cpp, line 210]
Event: 9.894 Thread 0x00000000183b8800 Exception <a 'java/lang/ClassNotFoundException': org/gradle/tooling/provider/model/internal/DefaultToolingModelBuilderRegistryBeanInfo> (0x00000000ed2901c8) thrown at [C:\re\workspace\8-2-build-windows-amd64-cygwin\jdk8u74\6087\hotspot\src\share\vm\classfi
Event: 9.894 Thread 0x00000000183b8800 Exception <a 'java/lang/ClassNotFoundException': org/gradle/tooling/provider/model/internal/DefaultToolingModelBuilderRegistryCustomizer> (0x00000000ed2a4e98) thrown at [C:\re\workspace\8-2-build-windows-amd64-cygwin\jdk8u74\6087\hotspot\src\share\vm\classsµ˙
Event: 10.002 Thread 0x00000000183b8800 Exception <a 'java/lang/ClassNotFoundException': build_577w3idka1c5v20tnjuiihi0dBeanInfo> (0x00000000ed6c2d78) thrown at [C:\re\workspace\8-2-build-windows-amd64-cygwin\jdk8u74\6087\hotspot\src\share\vm\classfile\systemDictionary.cpp, line 210]
Event: 10.002 Thread 0x00000000183b8800 Exception <a 'java/lang/ClassNotFoundException': org/gradle/api/internal/project/ProjectScriptBeanInfo> (0x00000000ed6d1df0) thrown at [C:\re\workspace\8-2-build-windows-amd64-cygwin\jdk8u74\6087\hotspot\src\share\vm\classfile\systemDictionary.cpp, line 21ì7~y2$@
Event: 10.002 Thread 0x00000000183b8800 Exception <a 'java/lang/ClassNotFoundException': org/gradle/api/internal/project/ProjectScriptCustomizer> (0x00000000ed6e11f8) thrown at [C:\re\workspace\8-2-build-windows-amd64-cygwin\jdk8u74\6087\hotspot\src\share\vm\classfile\systemDictionary.cpp, line êpíO•$@
Event: 10.003 Thread 0x00000000183b8800 Exception <a 'java/lang/ClassNotFoundException': build_577w3idka1c5v20tnjuiihi0dCustomizer> (0x00000000ed6fec68) thrown at [C:\re\workspace\8-2-build-windows-amd64-cygwin\jdk8u74\6087\hotspot\src\share\vm\classfile\systemDictionary.cpp, line 210]
Event: 10.101 Thread 0x00000000183b8800 Implicit null exception at 0x0000000002d2c70e to 0x0000000002d2cbe9

Events (10 events):
Event: 10.761 loading class org/gradle/api/internal/artifacts/ivyservice/ivyresolve/parser/GradlePomModuleDescriptorBuilder$ConfMapper
Event: 10.761 loading class org/gradle/api/internal/artifacts/ivyservice/ivyresolve/parser/GradlePomModuleDescriptorBuilder$ConfMapper done
Event: 10.761 loading class org/gradle/api/internal/artifacts/ivyservice/ivyresolve/parser/GradlePomModuleDescriptorBuilder$2
Event: 10.761 loading class org/gradle/api/internal/artifacts/ivyservice/ivyresolve/parser/GradlePomModuleDescriptorBuilder$2 done
Event: 10.762 loading class org/gradle/api/internal/artifacts/ivyservice/ivyresolve/parser/GradlePomModuleDescriptorBuilder$3
Event: 10.762 loading class org/gradle/api/internal/artifacts/ivyservice/ivyresolve/parser/GradlePomModuleDescriptorBuilder$3 done
Event: 10.762 loading class org/gradle/api/internal/artifacts/ivyservice/ivyresolve/parser/GradlePomModuleDescriptorBuilder$4
Event: 10.762 loading class org/gradle/api/internal/artifacts/ivyservice/ivyresolve/parser/GradlePomModuleDescriptorBuilder$4 done
Event: 10.763 loading class org/gradle/api/internal/artifacts/ivyservice/ivyresolve/parser/GradlePomModuleDescriptorBuilder$5
Event: 10.763 loading class org/gradle/api/internal/artifacts/ivyservice/ivyresolve/parser/GradlePomModuleDescriptorBuilder$5 done


Dynamic libraries:
0x000000013f430000 - 0x000000013f467000 	C:\Program Files\Java\jdk1.8.0_74\bin\java.exe
0x00000000779f0000 - 0x0000000077b99000 	C:\Windows\SYSTEM32\ntdll.dll
0x00000000777d0000 - 0x00000000778ef000 	C:\Windows\system32\kernel32.dll
0x000007fefda90000 - 0x000007fefdafb000 	C:\Windows\system32\KERNELBASE.dll
0x000007fefe7b0000 - 0x000007fefe88b000 	C:\Windows\system32\ADVAPI32.dll
0x000007fefe1c0000 - 0x000007fefe25f000 	C:\Windows\system32\msvcrt.dll
0x000007fefe890000 - 0x000007fefe8af000 	C:\Windows\SYSTEM32\sechost.dll
0x000007feff900000 - 0x000007feffa2d000 	C:\Windows\system32\RPCRT4.dll
0x00000000778f0000 - 0x00000000779ea000 	C:\Windows\system32\USER32.dll
0x000007fefe720000 - 0x000007fefe787000 	C:\Windows\system32\GDI32.dll
0x000007feffcf0000 - 0x000007feffcfe000 	C:\Windows\system32\LPK.dll
0x000007fefe530000 - 0x000007fefe5f9000 	C:\Windows\system32\USP10.dll
0x000007fefcc20000 - 0x000007fefce14000 	C:\Windows\WinSxS\amd64_microsoft.windows.common-controls_6595b64144ccf1df_6.0.7601.17514_none_fa396087175ac9ac\COMCTL32.dll
0x000007fefe140000 - 0x000007fefe1b1000 	C:\Windows\system32\SHLWAPI.dll
0x000007feffbb0000 - 0x000007feffbde000 	C:\Windows\system32\IMM32.DLL
0x000007feffbe0000 - 0x000007feffce9000 	C:\Windows\system32\MSCTF.dll
0x000000005e290000 - 0x000000005e362000 	C:\Program Files\Java\jdk1.8.0_74\jre\bin\msvcr100.dll
0x0000000052de0000 - 0x0000000053670000 	C:\Program Files\Java\jdk1.8.0_74\jre\bin\server\jvm.dll
0x000007fef7aa0000 - 0x000007fef7aa9000 	C:\Windows\system32\WSOCK32.dll
0x000007fefe050000 - 0x000007fefe09d000 	C:\Windows\system32\WS2_32.dll
0x000007fefe260000 - 0x000007fefe268000 	C:\Windows\system32\NSI.dll
0x000007fefc090000 - 0x000007fefc0cb000 	C:\Windows\system32\WINMM.dll
0x000007fefc660000 - 0x000007fefc66c000 	C:\Windows\system32\VERSION.dll
0x0000000077bc0000 - 0x0000000077bc7000 	C:\Windows\system32\PSAPI.DLL
0x0000000074f40000 - 0x0000000074f4f000 	C:\Program Files\Java\jdk1.8.0_74\jre\bin\verify.dll
0x0000000074f10000 - 0x0000000074f39000 	C:\Program Files\Java\jdk1.8.0_74\jre\bin\java.dll
0x0000000074eb0000 - 0x0000000074ec6000 	C:\Program Files\Java\jdk1.8.0_74\jre\bin\zip.dll
0x000007fefeb70000 - 0x000007feff8f8000 	C:\Windows\system32\SHELL32.dll
0x000007fefdd10000 - 0x000007fefdf13000 	C:\Windows\system32\ole32.dll
0x000007fefd940000 - 0x000007fefd94f000 	C:\Windows\system32\profapi.dll
0x0000000074ed0000 - 0x0000000074eea000 	C:\Program Files\Java\jdk1.8.0_74\jre\bin\net.dll
0x000007fefd1b0000 - 0x000007fefd205000 	C:\Windows\system32\mswsock.dll
0x000007fefd1a0000 - 0x000007fefd1a7000 	C:\Windows\System32\wship6.dll
0x0000000074e90000 - 0x0000000074ea1000 	C:\Program Files\Java\jdk1.8.0_74\jre\bin\nio.dll
0x000007fefa250000 - 0x000007fefa262000 	C:\Users\User\.gradle\native\19\windows-amd64\native-platform.dll
0x000007fefd210000 - 0x000007fefd227000 	C:\Windows\system32\CRYPTSP.dll
0x000007fefce90000 - 0x000007fefced7000 	C:\Windows\system32\rsaenh.dll
0x000007fefc850000 - 0x000007fefc86e000 	C:\Windows\system32\USERENV.dll
0x000007fefd870000 - 0x000007fefd87f000 	C:\Windows\system32\CRYPTBASE.dll
0x000007fefbc40000 - 0x000007fefbc67000 	C:\Windows\system32\IPHLPAPI.DLL
0x000007fefbc30000 - 0x000007fefbc3b000 	C:\Windows\system32\WINNSI.DLL
0x000007fefa140000 - 0x000007fefa151000 	C:\Windows\system32\dhcpcsvc6.DLL
0x000007fefa0e0000 - 0x000007fefa0f8000 	C:\Windows\system32\dhcpcsvc.DLL
0x0000000074f00000 - 0x0000000074f0d000 	C:\Program Files\Java\jdk1.8.0_74\jre\bin\management.dll
0x000007fefd810000 - 0x000007fefd867000 	C:\Windows\system32\apphelp.dll
0x000007fef3b20000 - 0x000007fef3c45000 	C:\Windows\system32\dbghelp.dll

VM Arguments:
jvm_args: -XX:MaxPermSize=256m -XX:+HeapDumpOnOutOfMemoryError -Xmx1024m -Dfile.encoding=GBK -Duser.country=CN -Duser.language=zh -Duser.variant 
java_command: org.gradle.launcher.daemon.bootstrap.GradleDaemon 2.14.1
java_class_path (initial): C:\Users\User\.gradle\wrapper\dists\gradle-2.14.1-all\8bnwg5hd3w55iofp58khbp6yv\gradle-2.14.1\lib\gradle-launcher-2.14.1.jar
Launcher Type: SUN_STANDARD

Environment Variables:
PATH=C:\ProgramData\Oracle\Java\javapath;C:\Windows\system32;C:\Windows;C:\Windows\System32\Wbem;C:\Windows\System32\WindowsPowerShell\v1.0\;C:\Program Files\Lenovo\Fingerprint Manager Pro\;C:\Program Files\Intel\WiFi\bin\;C:\Program Files\Common Files\Intel\WirelessCommon\;C:\Android;C:\Windows\System32;C:\Android\;C:\Program Files\Git\cmd\;C:\Program Files\ThinkPad\Bluetooth Software\;C:\Program Files\ThinkPad\Bluetooth Software\syswow64;C:\Program Files (x86)\Skype\Phone\;C:\Program Files\TortoiseSVN\bin;C:\Program Files\OpenVPN\bin;C:\Program Files\Intel\WiFi\bin\;C:\Program Files\Common Files\Intel\WirelessCommon\
USERNAME=User
OS=Windows_NT
PROCESSOR_IDENTIFIER=Intel64 Family 6 Model 61 Stepping 4, GenuineIntel



---------------  S Y S T E M  ---------------

OS: Windows 7 , 64 bit Build 7601 (6.1.7601.17514)

CPU:total 4 (2 cores per cpu, 2 threads per core) family 6 model 61 stepping 4, cmov, cx8, fxsr, mmx, sse, sse2, sse3, ssse3, sse4.1, sse4.2, popcnt, avx, avx2, aes, clmul, erms, 3dnowpref, lzcnt, ht, tsc, tscinvbit, bmi1, bmi2, adx

Memory: 4k page, physical 12272008k(3753104k free), swap 24542172k(14659092k free)

vm_info: Java HotSpot(TM) 64-Bit Server VM (25.74-b02) for windows-amd64 JRE (1.8.0_74-b02), built on Jan 29 2016 17:42:36 by "java_re" with MS VC++ 10.0 (VS2010)

time: Tue Mar 14 19:46:10 2017
elapsed time: 10 seconds (0d 0h 0m 10s)

